<?xml version="1.0" encoding="UTF-8"?>
<!-- Generated by org.testng.reporters.JUnitReportReporter -->
<testsuite hostname="admin" failures="0" tests="2" name="tests.SearchTest" time="28.897" errors="0" timestamp="2024-03-01T11:26:38 IST" skipped="0">
  <testcase classname="tests.SearchTest" name="test1" time="10.022"/>
  <testcase classname="tests.SearchTest" name="test2" time="18.875"/>
</testsuite> <!-- tests.SearchTest -->
